Using pre-set license
Built from '2020.3/staging' branch; Version is '2020.3.16f1 (049d6eca3c44) revision 302446'; Using compiler version '192528614'; Build Type 'Release'
OS: 'Windows 10 Pro; OS build 19043.1288; Version 2009; 64bit' Language: 'en' Physical Memory: 16291 MB
BatchMode: 1, IsHumanControllingUs: 0, StartBugReporterOnCrash: 0, Is64bit: 1, IsPro: 0

 COMMAND LINE ARGUMENTS:
C:\Program Files\Unity\Hub\Editor\2020.3.16f1\Editor\Unity.exe
-adb2
-batchMode
-noUpm
-name
AssetImportWorker0
-projectPath
D:/Niji Test/Niji-Test/NijiGames_Test
-logFile
Logs/AssetImportWorker0.log
-srvPort
61506
Successfully changed project path to: D:/Niji Test/Niji-Test/NijiGames_Test
D:/Niji Test/Niji-Test/NijiGames_Test
Using Asset Import Pipeline V2.
Refreshing native plugins compatible for Editor in 31.76 ms, found 2 plugins.
Preloading 0 native plugins for Editor in 0.00 ms.
Initialize engine version: 2020.3.16f1 (049d6eca3c44)
[Subsystems] Discovering subsystems at path C:/Program Files/Unity/Hub/Editor/2020.3.16f1/Editor/Data/Resources/UnitySubsystems
[Subsystems] Discovering subsystems at path D:/Niji Test/Niji-Test/NijiGames_Test/Assets
GfxDevice: creating device client; threaded=0
Direct3D:
    Version:  Direct3D 11.0 [level 11.1]
    Renderer: NVIDIA GeForce RTX 2060 (ID=0x1f08)
    Vendor:   
    VRAM:     5980 MB
    Driver:   30.0.15.1215
Initialize mono
Mono path[0] = 'C:/Program Files/Unity/Hub/Editor/2020.3.16f1/Editor/Data/Managed'
Mono path[1] = 'C:/Program Files/Unity/Hub/Editor/2020.3.16f1/Editor/Data/MonoBleedingEdge/lib/mono/unityjit'
Mono config path = 'C:/Program Files/Unity/Hub/Editor/2020.3.16f1/Editor/Data/MonoBleedingEdge/etc'
Using monoOptions --debugger-agent=transport=dt_socket,embedding=1,server=y,suspend=n,address=127.0.0.1:56920
Begin MonoManager ReloadAssembly
Registering precompiled unity dll's ...
Register platform support module: C:/Program Files/Unity/Hub/Editor/2020.3.16f1/Editor/Data/PlaybackEngines/WindowsStandaloneSupport/UnityEditor.WindowsStandalone.Extensions.dll
Registered in 0.002373 seconds.
Native extension for WindowsStandalone target not found
Refreshing native plugins compatible for Editor in 25.63 ms, found 2 plugins.
Preloading 0 native plugins for Editor in 0.00 ms.
Mono: successfully reloaded assembly
- Completed reload, in  2.285 seconds
Domain Reload Profiling:
	ReloadAssembly (2286ms)
		BeginReloadAssembly (61ms)
			ExecutionOrderSort (0ms)
			DisableScriptedObjects (0ms)
			BackupInstance (0ms)
			ReleaseScriptingObjects (0ms)
			CreateAndSetChildDomain (1ms)
		EndReloadAssembly (369ms)
			LoadAssemblies (58ms)
			RebuildTransferFunctionScriptingTraits (0ms)
			SetupTypeCache (140ms)
			ReleaseScriptCaches (0ms)
			RebuildScriptCaches (28ms)
			SetupLoadedEditorAssemblies (135ms)
				LogAssemblyErrors (0ms)
				InitializePlatformSupportModulesInManaged (4ms)
				SetLoadedEditorAssemblies (0ms)
				RefreshPlugins (26ms)
				BeforeProcessingInitializeOnLoad (12ms)
				ProcessInitializeOnLoadAttributes (69ms)
				ProcessInitializeOnLoadMethodAttributes (25ms)
				AfterProcessingInitializeOnLoad (0ms)
				EditorAssembliesLoaded (0ms)
			ExecutionOrderSort2 (0ms)
			AwakeInstancesAfterBackupRestoration (0ms)
Platform modules already initialized, skipping
Registering precompiled user dll's ...
Registered in 0.011652 seconds.
Begin MonoManager ReloadAssembly
Native extension for WindowsStandalone target not found
Refreshing native plugins compatible for Editor in 0.35 ms, found 2 plugins.
Preloading 0 native plugins for Editor in 0.00 ms.
Mono: successfully reloaded assembly
- Completed reload, in  1.022 seconds
Domain Reload Profiling:
	ReloadAssembly (1023ms)
		BeginReloadAssembly (140ms)
			ExecutionOrderSort (0ms)
			DisableScriptedObjects (4ms)
			BackupInstance (0ms)
			ReleaseScriptingObjects (0ms)
			CreateAndSetChildDomain (18ms)
		EndReloadAssembly (825ms)
			LoadAssemblies (103ms)
			RebuildTransferFunctionScriptingTraits (0ms)
			SetupTypeCache (280ms)
			ReleaseScriptCaches (0ms)
			RebuildScriptCaches (38ms)
			SetupLoadedEditorAssemblies (329ms)
				LogAssemblyErrors (0ms)
				InitializePlatformSupportModulesInManaged (4ms)
				SetLoadedEditorAssemblies (0ms)
				RefreshPlugins (0ms)
				BeforeProcessingInitializeOnLoad (76ms)
				ProcessInitializeOnLoadAttributes (236ms)
				ProcessInitializeOnLoadMethodAttributes (4ms)
				AfterProcessingInitializeOnLoad (8ms)
				EditorAssembliesLoaded (0ms)
			ExecutionOrderSort2 (0ms)
			AwakeInstancesAfterBackupRestoration (6ms)
Platform modules already initialized, skipping
========================================================================
Worker process is ready to serve import requests
Launched and connected shader compiler UnityShaderCompiler.exe after 0.05 seconds
Refreshing native plugins compatible for Editor in 0.34 ms, found 2 plugins.
Preloading 0 native plugins for Editor in 0.00 ms.
Unloading 1541 Unused Serialized files (Serialized files now loaded: 0)
System memory in use before: 69.7 MB.
System memory in use after: 69.8 MB.

Unloading 35 unused Assets to reduce memory usage. Loaded Objects now: 1976.
Total: 2.735700 ms (FindLiveObjects: 0.185400 ms CreateObjectMapping: 0.047900 ms MarkObjects: 2.437700 ms  DeleteObjects: 0.063300 ms)

AssetImportParameters requested are different than current active one (requested -> active):
  custom:framework-win-MediaFoundation: 216162199b28c13a410421893ffa2e32 -> 
  custom:video-decoder-ogg-theora: a1e56fd34408186e4bbccfd4996cb3dc -> 
  custom:container-muxer-webm: aa71ff27fc2769a1b78a27578f13a17b -> 
  custom:container-demuxer-webm: 4f35f7cbe854078d1ac9338744f61a02 -> 
  custom:container-demuxer-ogg: 62fdf1f143b41e24485cea50d1cbac27 -> 
  custom:video-encoder-webm-vp8: eb34c28f22e8b96e1ab97ce403110664 -> 
  custom:video-codec-MediaFoundation-h265: 746d11721c4dcdbdad8f713fa42b33f4 -> 
  custom:video-decoder-webm-vp8: 9c59270c3fd7afecdb556c50c9e8de78 -> 
  custom:audio-decoder-ogg-vorbis: bf7c407c2cedff20999df2af8eb42d56 -> 
  custom:audio-encoder-webm-vorbis: bf7c407c2cedff20999df2af8eb42d56 -> 
========================================================================
Received Import Request.
  path: Assets/I2/Localization/Scripts/Utils
  artifactKey: Guid(23035eaab7d1f024cb7e7b5bae9b078f) Importer(815301076,1909f56bfc062723c751e8b465ee728b)
Start importing Assets/I2/Localization/Scripts/Utils using Guid(23035eaab7d1f024cb7e7b5bae9b078f) Importer(815301076,1909f56bfc062723c751e8b465ee728b)  -> (artifact id: 'd817af78fc95a2b16f867f337a9b8b0e') in 0.004635 seconds 
  Import took 0.006477 seconds .

========================================================================
Received Import Request.
  Time since last request: 0.000232 seconds.
  path: Assets/I2/Localization/Scripts/EventCallback.cs
  artifactKey: Guid(79fbe85a671c1254880b1fc083a723e5) Importer(815301076,1909f56bfc062723c751e8b465ee728b)
Start importing Assets/I2/Localization/Scripts/EventCallback.cs using Guid(79fbe85a671c1254880b1fc083a723e5) Importer(815301076,1909f56bfc062723c751e8b465ee728b)  -> (artifact id: '06650759c419fc6a23ccfd0a0035fcbe') in 0.117977 seconds 
  Import took 0.119839 seconds .

========================================================================
Received Import Request.
  Time since last request: 0.000320 seconds.
  path: Assets/I2/Localization/Scripts/TermData.cs
  artifactKey: Guid(e04d3f1e4351c9740ad1815d63ede4cd) Importer(815301076,1909f56bfc062723c751e8b465ee728b)
Start importing Assets/I2/Localization/Scripts/TermData.cs using Guid(e04d3f1e4351c9740ad1815d63ede4cd) Importer(815301076,1909f56bfc062723c751e8b465ee728b)  -> (artifact id: 'bc45609dfdcaa5a9cc8e568a7ded358d') in 0.001858 seconds 
  Import took 0.003743 seconds .

========================================================================
Received Import Request.
  Time since last request: 0.000275 seconds.
  path: Assets/I2/Localization/Scripts/LanguageData.cs
  artifactKey: Guid(cde54ba5e482bec4c88b52e618b81cc9) Importer(815301076,1909f56bfc062723c751e8b465ee728b)
Start importing Assets/I2/Localization/Scripts/LanguageData.cs using Guid(cde54ba5e482bec4c88b52e618b81cc9) Importer(815301076,1909f56bfc062723c751e8b465ee728b)  -> (artifact id: '96b7077cdb5d1b79b61a74b8fb274ece') in 0.001765 seconds 
  Import took 0.003653 seconds .

========================================================================
Received Import Request.
  Time since last request: 0.000303 seconds.
  path: Assets/I2/Localization/Scripts/LocalizeDropdown.cs
  artifactKey: Guid(a5379d3aeaf18a24fa23c26a749edfe5) Importer(815301076,1909f56bfc062723c751e8b465ee728b)
Start importing Assets/I2/Localization/Scripts/LocalizeDropdown.cs using Guid(a5379d3aeaf18a24fa23c26a749edfe5) Importer(815301076,1909f56bfc062723c751e8b465ee728b)  -> (artifact id: 'dfaa985808b465b6f1082b334fd39640') in 0.011776 seconds 
  Import took 0.013682 seconds .

========================================================================
Received Import Request.
  Time since last request: 0.000288 seconds.
  path: Assets/I2/Localization/Scripts/LocalizationReader.cs
  artifactKey: Guid(6ec1933af6b4d6947ba69b9bda4260d1) Importer(815301076,1909f56bfc062723c751e8b465ee728b)
Start importing Assets/I2/Localization/Scripts/LocalizationReader.cs using Guid(6ec1933af6b4d6947ba69b9bda4260d1) Importer(815301076,1909f56bfc062723c751e8b465ee728b)  -> (artifact id: 'ddfb0d87c34b8eaa5e0f61852a05d9bd') in 0.001726 seconds 
  Import took 0.003712 seconds .

========================================================================
Received Import Request.
  Time since last request: 0.000229 seconds.
  path: Assets/I2/Localization/Scripts/Localize.cs
  artifactKey: Guid(344445a89b4f74a0e9a0a766903df87e) Importer(815301076,1909f56bfc062723c751e8b465ee728b)
Start importing Assets/I2/Localization/Scripts/Localize.cs using Guid(344445a89b4f74a0e9a0a766903df87e) Importer(815301076,1909f56bfc062723c751e8b465ee728b)  -> (artifact id: '916dc4457db68797bc1ce5e7b40d3f3e') in 0.001751 seconds 
  Import took 0.003617 seconds .

========================================================================
Received Import Request.
  Time since last request: 0.056632 seconds.
  path: Assets/I2/Localization/Scripts/Targets
  artifactKey: Guid(42f01c2f8a9800c4aa5ada53bc13bccd) Importer(815301076,1909f56bfc062723c751e8b465ee728b)
Start importing Assets/I2/Localization/Scripts/Targets using Guid(42f01c2f8a9800c4aa5ada53bc13bccd) Importer(815301076,1909f56bfc062723c751e8b465ee728b)  -> (artifact id: '071cf6840ae98d03ba85a982b0c2f41f') in 0.001741 seconds 
  Import took 0.003758 seconds .

========================================================================
Received Import Request.
  Time since last request: 0.001531 seconds.
  path: Assets/I2/Localization/Scripts/Targets
  artifactKey: Guid(42f01c2f8a9800c4aa5ada53bc13bccd) Importer(815301076,1909f56bfc062723c751e8b465ee728b)
Start importing Assets/I2/Localization/Scripts/Targets using Guid(42f01c2f8a9800c4aa5ada53bc13bccd) Importer(815301076,1909f56bfc062723c751e8b465ee728b)  -> (artifact id: '071cf6840ae98d03ba85a982b0c2f41f') in 0.001571 seconds 
  Import took 0.003671 seconds .

========================================================================
Received Import Request.
  Time since last request: 0.324381 seconds.
  path: Assets/I2/Localization/Scripts/Manager
  artifactKey: Guid(ba131beaf0aba9d4084aff4ea6e742c3) Importer(815301076,1909f56bfc062723c751e8b465ee728b)
Start importing Assets/I2/Localization/Scripts/Manager using Guid(ba131beaf0aba9d4084aff4ea6e742c3) Importer(815301076,1909f56bfc062723c751e8b465ee728b)  -> (artifact id: '0381b826d88a0b70596bbf706f909959') in 0.001780 seconds 
  Import took 0.003983 seconds .

========================================================================
Received Import Request.
  Time since last request: 0.000688 seconds.
  path: Assets/I2/Localization/Scripts/Manager
  artifactKey: Guid(ba131beaf0aba9d4084aff4ea6e742c3) Importer(815301076,1909f56bfc062723c751e8b465ee728b)
Start importing Assets/I2/Localization/Scripts/Manager using Guid(ba131beaf0aba9d4084aff4ea6e742c3) Importer(815301076,1909f56bfc062723c751e8b465ee728b)  -> (artifact id: '0381b826d88a0b70596bbf706f909959') in 0.001618 seconds 
  Import took 0.003752 seconds .

========================================================================
Received Import Request.
  Time since last request: 1.689275 seconds.
  path: Assets/I2/Localization/Scripts/Manager/LocalizationManager.cs
  artifactKey: Guid(dd42f89f650a540d9bd641f752368e27) Importer(815301076,1909f56bfc062723c751e8b465ee728b)
Start importing Assets/I2/Localization/Scripts/Manager/LocalizationManager.cs using Guid(dd42f89f650a540d9bd641f752368e27) Importer(815301076,1909f56bfc062723c751e8b465ee728b)  -> (artifact id: '86fcc1b403e71a86e1397d71bb468e0f') in 0.001767 seconds 
  Import took 0.004094 seconds .

========================================================================
Received Import Request.
  Time since last request: 0.001012 seconds.
  path: Assets/I2/Localization/Scripts/Manager/LocalizationManager.cs
  artifactKey: Guid(dd42f89f650a540d9bd641f752368e27) Importer(815301076,1909f56bfc062723c751e8b465ee728b)
Start importing Assets/I2/Localization/Scripts/Manager/LocalizationManager.cs using Guid(dd42f89f650a540d9bd641f752368e27) Importer(815301076,1909f56bfc062723c751e8b465ee728b)  -> (artifact id: '86fcc1b403e71a86e1397d71bb468e0f') in 0.001785 seconds 
  Import took 0.003976 seconds .

========================================================================
Received Import Request.
  Time since last request: 0.865266 seconds.
  path: Assets/I2/Localization/Scripts/Manager/LocalizationManager_Language.cs
  artifactKey: Guid(7d629295da7add24e9465e25cd212bf5) Importer(815301076,1909f56bfc062723c751e8b465ee728b)
Start importing Assets/I2/Localization/Scripts/Manager/LocalizationManager_Language.cs using Guid(7d629295da7add24e9465e25cd212bf5) Importer(815301076,1909f56bfc062723c751e8b465ee728b)  -> (artifact id: '50367612b0fb7b7e67ebefdeedec4161') in 0.001683 seconds 
  Import took 0.011527 seconds .

========================================================================
Received Import Request.
  Time since last request: 0.000961 seconds.
  path: Assets/I2/Localization/Scripts/Manager/LocalizationManager_Language.cs
  artifactKey: Guid(7d629295da7add24e9465e25cd212bf5) Importer(815301076,1909f56bfc062723c751e8b465ee728b)
Start importing Assets/I2/Localization/Scripts/Manager/LocalizationManager_Language.cs using Guid(7d629295da7add24e9465e25cd212bf5) Importer(815301076,1909f56bfc062723c751e8b465ee728b)  -> (artifact id: '50367612b0fb7b7e67ebefdeedec4161') in 0.011451 seconds 
  Import took 0.013625 seconds .

========================================================================
Received Import Request.
  Time since last request: 1.261358 seconds.
  path: Assets/I2/Localization/Scripts/Manager/LocalizationManager_Parameters.cs
  artifactKey: Guid(9bdcae51172bbb8458cf8c42f889c2a0) Importer(815301076,1909f56bfc062723c751e8b465ee728b)
Start importing Assets/I2/Localization/Scripts/Manager/LocalizationManager_Parameters.cs using Guid(9bdcae51172bbb8458cf8c42f889c2a0) Importer(815301076,1909f56bfc062723c751e8b465ee728b)  -> (artifact id: '2f756d367e05b503d50daaf509b8a5c2') in 0.002086 seconds 
  Import took 0.004610 seconds .

========================================================================
Received Import Request.
  Time since last request: 0.554201 seconds.
  path: Assets/I2/Localization/Scripts/Manager/LocalizationManager_RTL.cs
  artifactKey: Guid(d33b5082085040d44ab79b83d25bffee) Importer(815301076,1909f56bfc062723c751e8b465ee728b)
Start importing Assets/I2/Localization/Scripts/Manager/LocalizationManager_RTL.cs using Guid(d33b5082085040d44ab79b83d25bffee) Importer(815301076,1909f56bfc062723c751e8b465ee728b)  -> (artifact id: 'a612460b9981eed442f08def11a6dda1') in 0.001765 seconds 
  Import took 0.003740 seconds .

========================================================================
Received Import Request.
  Time since last request: 0.474183 seconds.
  path: Assets/I2/Localization/Scripts/Manager/LocalizationManager_Sources.cs
  artifactKey: Guid(fc9fa6be47f55724e920863a231f889c) Importer(815301076,1909f56bfc062723c751e8b465ee728b)
Start importing Assets/I2/Localization/Scripts/Manager/LocalizationManager_Sources.cs using Guid(fc9fa6be47f55724e920863a231f889c) Importer(815301076,1909f56bfc062723c751e8b465ee728b)  -> (artifact id: 'bda26d218d8d6a714b6abd8a5f576c85') in 0.001854 seconds 
  Import took 0.004059 seconds .

========================================================================
Received Import Request.
  Time since last request: 0.842976 seconds.
  path: Assets/I2/Localization/Scripts/Manager/LocalizationManager_SystemLanguage.cs
  artifactKey: Guid(fd54e24a8c653f341a9540011ba06f01) Importer(815301076,1909f56bfc062723c751e8b465ee728b)
Start importing Assets/I2/Localization/Scripts/Manager/LocalizationManager_SystemLanguage.cs using Guid(fd54e24a8c653f341a9540011ba06f01) Importer(815301076,1909f56bfc062723c751e8b465ee728b)  -> (artifact id: 'cf195c17df075742ff8a6e56469caeee') in 0.001726 seconds 
  Import took 0.003832 seconds .

========================================================================
Received Import Request.
  Time since last request: 0.320289 seconds.
  path: Assets/I2/Localization/Scripts/Manager/LocalizationManager_Targets.cs
  artifactKey: Guid(84ead5dc664fd394490f4874012ed099) Importer(815301076,1909f56bfc062723c751e8b465ee728b)
Start importing Assets/I2/Localization/Scripts/Manager/LocalizationManager_Targets.cs using Guid(84ead5dc664fd394490f4874012ed099) Importer(815301076,1909f56bfc062723c751e8b465ee728b)  -> (artifact id: '47037b16024305fb7b99f9eb83b3f13c') in 0.001754 seconds 
  Import took 0.004149 seconds .

========================================================================
Received Import Request.
  Time since last request: 0.456863 seconds.
  path: Assets/I2/Localization/Scripts/Manager/LocalizationManager_Translation.cs
  artifactKey: Guid(493a31b7ceba6734491324975bbb928c) Importer(815301076,1909f56bfc062723c751e8b465ee728b)
Start importing Assets/I2/Localization/Scripts/Manager/LocalizationManager_Translation.cs using Guid(493a31b7ceba6734491324975bbb928c) Importer(815301076,1909f56bfc062723c751e8b465ee728b)  -> (artifact id: 'b04b49b479d665c3bd7f31f3f9e992d5') in 0.001711 seconds 
  Import took 0.003629 seconds .

========================================================================
Received Import Request.
  Time since last request: 0.001924 seconds.
  path: Assets/I2/Localization/Scripts/Manager/LocalizationManager_Translation.cs
  artifactKey: Guid(493a31b7ceba6734491324975bbb928c) Importer(815301076,1909f56bfc062723c751e8b465ee728b)
Start importing Assets/I2/Localization/Scripts/Manager/LocalizationManager_Translation.cs using Guid(493a31b7ceba6734491324975bbb928c) Importer(815301076,1909f56bfc062723c751e8b465ee728b)  -> (artifact id: 'b04b49b479d665c3bd7f31f3f9e992d5') in 0.001615 seconds 
  Import took 0.003718 seconds .

========================================================================
Received Prepare
Registering precompiled user dll's ...
Registered in 0.012162 seconds.
Begin MonoManager ReloadAssembly
Native extension for WindowsStandalone target not found
Refreshing native plugins compatible for Editor in 0.40 ms, found 2 plugins.
Preloading 0 native plugins for Editor in 0.00 ms.
Mono: successfully reloaded assembly
- Completed reload, in  1.132 seconds
Domain Reload Profiling:
	ReloadAssembly (1132ms)
		BeginReloadAssembly (146ms)
			ExecutionOrderSort (0ms)
			DisableScriptedObjects (5ms)
			BackupInstance (0ms)
			ReleaseScriptingObjects (0ms)
			CreateAndSetChildDomain (59ms)
		EndReloadAssembly (922ms)
			LoadAssemblies (112ms)
			RebuildTransferFunctionScriptingTraits (0ms)
			SetupTypeCache (333ms)
			ReleaseScriptCaches (1ms)
			RebuildScriptCaches (36ms)
			SetupLoadedEditorAssemblies (345ms)
				LogAssemblyErrors (0ms)
				InitializePlatformSupportModulesInManaged (4ms)
				SetLoadedEditorAssemblies (0ms)
				RefreshPlugins (0ms)
				BeforeProcessingInitializeOnLoad (82ms)
				ProcessInitializeOnLoadAttributes (243ms)
				ProcessInitializeOnLoadMethodAttributes (4ms)
				AfterProcessingInitializeOnLoad (9ms)
				EditorAssembliesLoaded (0ms)
			ExecutionOrderSort2 (0ms)
			AwakeInstancesAfterBackupRestoration (8ms)
Platform modules already initialized, skipping
Switching build target platform(19) subTarget(0) extendedPlatform(0) -> platform(13) subTarget(537395200) extendedPlatform(0)
Refreshing native plugins compatible for Editor in 0.56 ms, found 2 plugins.
Preloading 0 native plugins for Editor in 0.00 ms.
Unloading 1537 Unused Serialized files (Serialized files now loaded: 0)
System memory in use before: 69.5 MB.
System memory in use after: 69.6 MB.

Unloading 30 unused Assets to reduce memory usage. Loaded Objects now: 1978.
Total: 2.822100 ms (FindLiveObjects: 0.168700 ms CreateObjectMapping: 0.055400 ms MarkObjects: 2.563700 ms  DeleteObjects: 0.032900 ms)

AssetImportParameters requested are different than current active one (requested -> active):
  custom:framework-win-MediaFoundation: 216162199b28c13a410421893ffa2e32 -> 
  custom:video-decoder-ogg-theora: a1e56fd34408186e4bbccfd4996cb3dc -> 
  custom:container-muxer-webm: aa71ff27fc2769a1b78a27578f13a17b -> 
  custom:container-demuxer-webm: 4f35f7cbe854078d1ac9338744f61a02 -> 
  custom:container-demuxer-ogg: 62fdf1f143b41e24485cea50d1cbac27 -> 
  custom:video-encoder-webm-vp8: eb34c28f22e8b96e1ab97ce403110664 -> 
  custom:video-codec-MediaFoundation-h265: 746d11721c4dcdbdad8f713fa42b33f4 -> 
  custom:video-decoder-webm-vp8: 9c59270c3fd7afecdb556c50c9e8de78 -> 
  custom:graphics/normal-map-encoding: 01000000000000000000000000000000 -> 02000000000000000000000000000000
  custom:audio-decoder-ogg-vorbis: bf7c407c2cedff20999df2af8eb42d56 -> 
  custom:audio-encoder-webm-vorbis: bf7c407c2cedff20999df2af8eb42d56 -> 
========================================================================
Received Import Request.
  Time since last request: 3472.667166 seconds.
  path: Assets/I2/Localization/Examples/Resources/References/Sounds/espannol.wav
  artifactKey: Guid(be316fa0cb281b241bb2f1e1a00c55c3) Importer(815301076,1909f56bfc062723c751e8b465ee728b)
Start importing Assets/I2/Localization/Examples/Resources/References/Sounds/espannol.wav using Guid(be316fa0cb281b241bb2f1e1a00c55c3) Importer(815301076,1909f56bfc062723c751e8b465ee728b)  -> (artifact id: 'dc1240bfafc3bb4e2941f0a96abccb54') in 0.145565 seconds 
  Import took 0.159102 seconds .

========================================================================
Received Import Request.
  Time since last request: 16.026879 seconds.
  path: Assets/I2/Localization/Scripts/Google
  artifactKey: Guid(dda5008126b59ad4bad4c9d2626a2345) Importer(815301076,1909f56bfc062723c751e8b465ee728b)
Start importing Assets/I2/Localization/Scripts/Google using Guid(dda5008126b59ad4bad4c9d2626a2345) Importer(815301076,1909f56bfc062723c751e8b465ee728b)  -> (artifact id: '8e02ea6def7cf8d23962b13399991df4') in 0.002640 seconds 
  Import took 0.035889 seconds .

========================================================================
Received Import Request.
  Time since last request: 136.169771 seconds.
  path: Assets/Scenes
  artifactKey: Guid(cad28aaf8824b954eb80e5f4bdb0ea49) Importer(815301076,1909f56bfc062723c751e8b465ee728b)
Start importing Assets/Scenes using Guid(cad28aaf8824b954eb80e5f4bdb0ea49) Importer(815301076,1909f56bfc062723c751e8b465ee728b)  -> (artifact id: '2bc8fc59a3672952dc8ad761f40c3da3') in 0.002160 seconds 
  Import took 0.042869 seconds .

========================================================================
Received Import Request.
  Time since last request: 3.135115 seconds.
  path: Assets/Scenes/New Folder
  artifactKey: Guid(c960367ef0ea89a43beb33983cd91a4b) Importer(815301076,1909f56bfc062723c751e8b465ee728b)
Start importing Assets/Scenes/New Folder using Guid(c960367ef0ea89a43beb33983cd91a4b) Importer(815301076,1909f56bfc062723c751e8b465ee728b)  -> (artifact id: '458c5990c984774985e6e014b706bf1d') in 0.002078 seconds 
  Import took 0.006713 seconds .

========================================================================
Received Import Request.
  Time since last request: 22.343870 seconds.
  path: Assets/Scenes/New Prefab.prefab
  artifactKey: Guid(bc97e11ddddd9434eb187fbb7b675952) Importer(815301076,1909f56bfc062723c751e8b465ee728b)
Start importing Assets/Scenes/New Prefab.prefab using Guid(bc97e11ddddd9434eb187fbb7b675952) Importer(815301076,1909f56bfc062723c751e8b465ee728b)  -> (artifact id: '65de323495988db4a882b81e9e30cb61') in 0.016721 seconds 
  Import took 0.043386 seconds .

========================================================================
Received Import Request.
  Time since last request: 13.897258 seconds.
  path: Assets/Scenes/Alvin.unity
  artifactKey: Guid(d0c9ac5ee84b5ce40b55d59b9c1993a1) Importer(815301076,1909f56bfc062723c751e8b465ee728b)
Start importing Assets/Scenes/Alvin.unity using Guid(d0c9ac5ee84b5ce40b55d59b9c1993a1) Importer(815301076,1909f56bfc062723c751e8b465ee728b)  -> (artifact id: 'a423e830a31f6d81b277f7f34d5d83d4') in 0.002151 seconds 
  Import took 0.031673 seconds .

========================================================================
Received Import Request.
  Time since last request: 14.996627 seconds.
  path: Assets/Scenes/I2Languages.asset
  artifactKey: Guid(e4045671e6d5fd94bba08c83e102284f) Importer(815301076,1909f56bfc062723c751e8b465ee728b)
Start importing Assets/Scenes/I2Languages.asset using Guid(e4045671e6d5fd94bba08c83e102284f) Importer(815301076,1909f56bfc062723c751e8b465ee728b)  -> (artifact id: '86923473396b2f32ad316ac190316d36') in 0.005300 seconds 
  Import took 0.007672 seconds .

========================================================================
Received Import Request.
  Time since last request: 82.526736 seconds.
  path: Assets/I2/Localization/Examples/Common/Scripts/NGUI_LanguagePopup.cs
  artifactKey: Guid(36d92fc19cfafc84d8014a1589d64233) Importer(815301076,1909f56bfc062723c751e8b465ee728b)
Start importing Assets/I2/Localization/Examples/Common/Scripts/NGUI_LanguagePopup.cs using Guid(36d92fc19cfafc84d8014a1589d64233) Importer(815301076,1909f56bfc062723c751e8b465ee728b)  -> (artifact id: 'bc0a60ee8ccf07dc854d9ba8e92cf46e') in 0.001704 seconds 
  Import took 0.003726 seconds .

========================================================================
Received Import Request.
  Time since last request: 0.273133 seconds.
  path: Assets/I2/Localization/Examples/Common/Scripts/RealTimeTranslation.cs
  artifactKey: Guid(c09397e14dc19fb4ab38f8216b0759a4) Importer(815301076,1909f56bfc062723c751e8b465ee728b)
Start importing Assets/I2/Localization/Examples/Common/Scripts/RealTimeTranslation.cs using Guid(c09397e14dc19fb4ab38f8216b0759a4) Importer(815301076,1909f56bfc062723c751e8b465ee728b)  -> (artifact id: '63e9b0a104d02287ebbcb4ee7221944e') in 0.001766 seconds 
  Import took 0.028001 seconds .

========================================================================
Received Import Request.
  Time since last request: 0.284612 seconds.
  path: Assets/I2/Localization/Examples/Common/Scripts/RegisterBundlesManager.cs
  artifactKey: Guid(63c602586209c154886c6df1d347f847) Importer(815301076,1909f56bfc062723c751e8b465ee728b)
Start importing Assets/I2/Localization/Examples/Common/Scripts/RegisterBundlesManager.cs using Guid(63c602586209c154886c6df1d347f847) Importer(815301076,1909f56bfc062723c751e8b465ee728b)  -> (artifact id: '6648f8044ac3c614abeb96035aa8f882') in 0.001721 seconds 
  Import took 0.003786 seconds .

========================================================================
Received Import Request.
  Time since last request: 0.002200 seconds.
  path: Assets/I2/Localization/Examples/Common/Scripts/RegisterBundlesManager.cs
  artifactKey: Guid(63c602586209c154886c6df1d347f847) Importer(815301076,1909f56bfc062723c751e8b465ee728b)
Start importing Assets/I2/Localization/Examples/Common/Scripts/RegisterBundlesManager.cs using Guid(63c602586209c154886c6df1d347f847) Importer(815301076,1909f56bfc062723c751e8b465ee728b)  -> (artifact id: '6648f8044ac3c614abeb96035aa8f882') in 0.001668 seconds 
  Import took 0.004196 seconds .

========================================================================
Received Import Request.
  Time since last request: 0.273705 seconds.
  path: Assets/I2/Localization/Examples/Common/Scripts/ToggleLanguage.cs
  artifactKey: Guid(55bf2bd9f27244a03a94e8e907db26cc) Importer(815301076,1909f56bfc062723c751e8b465ee728b)
Start importing Assets/I2/Localization/Examples/Common/Scripts/ToggleLanguage.cs using Guid(55bf2bd9f27244a03a94e8e907db26cc) Importer(815301076,1909f56bfc062723c751e8b465ee728b)  -> (artifact id: '2ec9901a39dfff811432d0eba7df01dd') in 0.001951 seconds 
  Import took 0.030571 seconds .

========================================================================
Received Import Request.
  Time since last request: 1.293385 seconds.
  path: Assets/I2/Localization/Examples/Common/Scripts/Example_ChangeLanguage.cs
  artifactKey: Guid(1cbcdd875c93e1e4fb87f997228fbd7a) Importer(815301076,1909f56bfc062723c751e8b465ee728b)
Start importing Assets/I2/Localization/Examples/Common/Scripts/Example_ChangeLanguage.cs using Guid(1cbcdd875c93e1e4fb87f997228fbd7a) Importer(815301076,1909f56bfc062723c751e8b465ee728b)  -> (artifact id: 'd29946f6c87f96bdf273e5344162ac68') in 0.001845 seconds 
  Import took 0.014217 seconds .

========================================================================
Received Import Request.
  Time since last request: 0.490670 seconds.
  path: Assets/I2/Localization/Examples/Common/Scripts/CallbackNotification.cs
  artifactKey: Guid(fc44345ca9310574fa50c645e6a7254f) Importer(815301076,1909f56bfc062723c751e8b465ee728b)
Start importing Assets/I2/Localization/Examples/Common/Scripts/CallbackNotification.cs using Guid(fc44345ca9310574fa50c645e6a7254f) Importer(815301076,1909f56bfc062723c751e8b465ee728b)  -> (artifact id: 'd7aa6af5bf0c4232d5531872f185ccf4') in 0.001820 seconds 
  Import took 0.004016 seconds .

========================================================================
Received Import Request.
  Time since last request: 0.691745 seconds.
  path: Assets/I2/Localization/Examples/Common/Scripts/Example_LocalizedString.cs
  artifactKey: Guid(60b32d3b3e0ad124aa1fed397539a9ad) Importer(815301076,1909f56bfc062723c751e8b465ee728b)
Start importing Assets/I2/Localization/Examples/Common/Scripts/Example_LocalizedString.cs using Guid(60b32d3b3e0ad124aa1fed397539a9ad) Importer(815301076,1909f56bfc062723c751e8b465ee728b)  -> (artifact id: 'd1719a9853115e96c493a1ae3887c9d2') in 0.001706 seconds 
  Import took 0.003962 seconds .

========================================================================
Received Import Request.
  Time since last request: 0.000620 seconds.
  path: Assets/I2/Localization/Examples/Common/Scripts/Example_LocalizedString.cs
  artifactKey: Guid(60b32d3b3e0ad124aa1fed397539a9ad) Importer(815301076,1909f56bfc062723c751e8b465ee728b)
Start importing Assets/I2/Localization/Examples/Common/Scripts/Example_LocalizedString.cs using Guid(60b32d3b3e0ad124aa1fed397539a9ad) Importer(815301076,1909f56bfc062723c751e8b465ee728b)  -> (artifact id: 'd1719a9853115e96c493a1ae3887c9d2') in 0.001509 seconds 
  Import took 0.003584 seconds .

========================================================================
Received Import Request.
  Time since last request: 0.481196 seconds.
  path: Assets/I2/Localization/Examples/Common/Scripts/GlobalParametersExample.cs
  artifactKey: Guid(bcf154e686692e8468e3813f885633e8) Importer(815301076,1909f56bfc062723c751e8b465ee728b)
Start importing Assets/I2/Localization/Examples/Common/Scripts/GlobalParametersExample.cs using Guid(bcf154e686692e8468e3813f885633e8) Importer(815301076,1909f56bfc062723c751e8b465ee728b)  -> (artifact id: 'c2c2877e33b35fde05c1276fafed16c7') in 0.001677 seconds 
  Import took 0.033675 seconds .

========================================================================
Received Import Request.
  Time since last request: 208.549092 seconds.
  path: Assets/Scenes/Alvin.unity
  artifactKey: Guid(d0c9ac5ee84b5ce40b55d59b9c1993a1) Importer(815301076,1909f56bfc062723c751e8b465ee728b)
Start importing Assets/Scenes/Alvin.unity using Guid(d0c9ac5ee84b5ce40b55d59b9c1993a1) Importer(815301076,1909f56bfc062723c751e8b465ee728b)  -> (artifact id: 'e911557770ed3f577a12aa51af1aab96') in 0.002037 seconds 
  Import took 0.066958 seconds .

========================================================================
Received Import Request.
  Time since last request: 1651.078770 seconds.
  path: Assets/Alvin
  artifactKey: Guid(b8b1c3af344c96b4f9280b57e7d79ede) Importer(815301076,1909f56bfc062723c751e8b465ee728b)
Start importing Assets/Alvin using Guid(b8b1c3af344c96b4f9280b57e7d79ede) Importer(815301076,1909f56bfc062723c751e8b465ee728b)  -> (artifact id: '8228634bcaa9298a78ef136145a3c386') in 0.001964 seconds 
  Import took 0.005829 seconds .

========================================================================
Received Import Request.
  Time since last request: 15.857472 seconds.
  path: Assets/Alvin/AlvinManager_Manager.cs
  artifactKey: Guid(43a386c054b287b4b9ed0c05e896c5b6) Importer(815301076,1909f56bfc062723c751e8b465ee728b)
Start importing Assets/Alvin/AlvinManager_Manager.cs using Guid(43a386c054b287b4b9ed0c05e896c5b6) Importer(815301076,1909f56bfc062723c751e8b465ee728b)  -> (artifact id: 'f858490cc28db4f2829dc65769e5174f') in 0.002109 seconds 
  Import took 0.036533 seconds .

========================================================================
Received Prepare
Registering precompiled user dll's ...
Registered in 0.012029 seconds.
Begin MonoManager ReloadAssembly
Native extension for WindowsStandalone target not found
Refreshing native plugins compatible for Editor in 0.37 ms, found 2 plugins.
Preloading 0 native plugins for Editor in 0.00 ms.
Mono: successfully reloaded assembly
- Completed reload, in  1.099 seconds
Domain Reload Profiling:
	ReloadAssembly (1100ms)
		BeginReloadAssembly (190ms)
			ExecutionOrderSort (0ms)
			DisableScriptedObjects (9ms)
			BackupInstance (0ms)
			ReleaseScriptingObjects (0ms)
			CreateAndSetChildDomain (95ms)
		EndReloadAssembly (848ms)
			LoadAssemblies (116ms)
			RebuildTransferFunctionScriptingTraits (0ms)
			SetupTypeCache (285ms)
			ReleaseScriptCaches (1ms)
			RebuildScriptCaches (35ms)
			SetupLoadedEditorAssemblies (324ms)
				LogAssemblyErrors (0ms)
				InitializePlatformSupportModulesInManaged (5ms)
				SetLoadedEditorAssemblies (1ms)
				RefreshPlugins (0ms)
				BeforeProcessingInitializeOnLoad (72ms)
				ProcessInitializeOnLoadAttributes (233ms)
				ProcessInitializeOnLoadMethodAttributes (4ms)
				AfterProcessingInitializeOnLoad (8ms)
				EditorAssembliesLoaded (0ms)
			ExecutionOrderSort2 (0ms)
			AwakeInstancesAfterBackupRestoration (6ms)
Platform modules already initialized, skipping
Switching build target platform(19) subTarget(0) extendedPlatform(0) -> platform(13) subTarget(537395200) extendedPlatform(0)
Refreshing native plugins compatible for Editor in 0.36 ms, found 2 plugins.
Preloading 0 native plugins for Editor in 0.00 ms.
Unloading 1538 Unused Serialized files (Serialized files now loaded: 0)
System memory in use before: 72.7 MB.
System memory in use after: 72.8 MB.

Unloading 30 unused Assets to reduce memory usage. Loaded Objects now: 1990.
Total: 2.674500 ms (FindLiveObjects: 0.139700 ms CreateObjectMapping: 0.039400 ms MarkObjects: 2.474600 ms  DeleteObjects: 0.020100 ms)

AssetImportParameters requested are different than current active one (requested -> active):
  custom:framework-win-MediaFoundation: 216162199b28c13a410421893ffa2e32 -> 
  custom:video-decoder-ogg-theora: a1e56fd34408186e4bbccfd4996cb3dc -> 
  custom:container-muxer-webm: aa71ff27fc2769a1b78a27578f13a17b -> 
  custom:container-demuxer-webm: 4f35f7cbe854078d1ac9338744f61a02 -> 
  custom:container-demuxer-ogg: 62fdf1f143b41e24485cea50d1cbac27 -> 
  custom:video-encoder-webm-vp8: eb34c28f22e8b96e1ab97ce403110664 -> 
  custom:video-codec-MediaFoundation-h265: 746d11721c4dcdbdad8f713fa42b33f4 -> 
  custom:video-decoder-webm-vp8: 9c59270c3fd7afecdb556c50c9e8de78 -> 
  custom:graphics/normal-map-encoding: 01000000000000000000000000000000 -> 02000000000000000000000000000000
  custom:audio-decoder-ogg-vorbis: bf7c407c2cedff20999df2af8eb42d56 -> 
  custom:audio-encoder-webm-vorbis: bf7c407c2cedff20999df2af8eb42d56 -> 
========================================================================
Received Prepare
Registering precompiled user dll's ...
Registered in 0.012882 seconds.
Begin MonoManager ReloadAssembly
Native extension for WindowsStandalone target not found
Refreshing native plugins compatible for Editor in 0.35 ms, found 2 plugins.
Preloading 0 native plugins for Editor in 0.00 ms.
Mono: successfully reloaded assembly
- Completed reload, in  1.067 seconds
Domain Reload Profiling:
	ReloadAssembly (1067ms)
		BeginReloadAssembly (116ms)
			ExecutionOrderSort (0ms)
			DisableScriptedObjects (4ms)
			BackupInstance (0ms)
			ReleaseScriptingObjects (0ms)
			CreateAndSetChildDomain (31ms)
		EndReloadAssembly (879ms)
			LoadAssemblies (120ms)
			RebuildTransferFunctionScriptingTraits (0ms)
			SetupTypeCache (320ms)
			ReleaseScriptCaches (1ms)
			RebuildScriptCaches (39ms)
			SetupLoadedEditorAssemblies (299ms)
				LogAssemblyErrors (0ms)
				InitializePlatformSupportModulesInManaged (4ms)
				SetLoadedEditorAssemblies (0ms)
				RefreshPlugins (0ms)
				BeforeProcessingInitializeOnLoad (70ms)
				ProcessInitializeOnLoadAttributes (213ms)
				ProcessInitializeOnLoadMethodAttributes (4ms)
				AfterProcessingInitializeOnLoad (8ms)
				EditorAssembliesLoaded (0ms)
			ExecutionOrderSort2 (0ms)
			AwakeInstancesAfterBackupRestoration (8ms)
Platform modules already initialized, skipping
Switching build target platform(19) subTarget(0) extendedPlatform(0) -> platform(13) subTarget(537395200) extendedPlatform(0)
Refreshing native plugins compatible for Editor in 0.36 ms, found 2 plugins.
Preloading 0 native plugins for Editor in 0.00 ms.
Unloading 1538 Unused Serialized files (Serialized files now loaded: 0)
System memory in use before: 72.7 MB.
System memory in use after: 72.8 MB.

Unloading 30 unused Assets to reduce memory usage. Loaded Objects now: 1992.
Total: 2.671500 ms (FindLiveObjects: 0.135800 ms CreateObjectMapping: 0.036800 ms MarkObjects: 2.470200 ms  DeleteObjects: 0.027600 ms)

AssetImportParameters requested are different than current active one (requested -> active):
  custom:framework-win-MediaFoundation: 216162199b28c13a410421893ffa2e32 -> 
  custom:video-decoder-ogg-theora: a1e56fd34408186e4bbccfd4996cb3dc -> 
  custom:container-muxer-webm: aa71ff27fc2769a1b78a27578f13a17b -> 
  custom:container-demuxer-webm: 4f35f7cbe854078d1ac9338744f61a02 -> 
  custom:container-demuxer-ogg: 62fdf1f143b41e24485cea50d1cbac27 -> 
  custom:video-encoder-webm-vp8: eb34c28f22e8b96e1ab97ce403110664 -> 
  custom:video-codec-MediaFoundation-h265: 746d11721c4dcdbdad8f713fa42b33f4 -> 
  custom:video-decoder-webm-vp8: 9c59270c3fd7afecdb556c50c9e8de78 -> 
  custom:graphics/normal-map-encoding: 01000000000000000000000000000000 -> 02000000000000000000000000000000
  custom:audio-decoder-ogg-vorbis: bf7c407c2cedff20999df2af8eb42d56 -> 
  custom:audio-encoder-webm-vorbis: bf7c407c2cedff20999df2af8eb42d56 -> 
========================================================================
Received Prepare
Registering precompiled user dll's ...
Registered in 0.011638 seconds.
Begin MonoManager ReloadAssembly
Native extension for WindowsStandalone target not found
Refreshing native plugins compatible for Editor in 0.34 ms, found 2 plugins.
Preloading 0 native plugins for Editor in 0.00 ms.
Mono: successfully reloaded assembly
- Completed reload, in  0.954 seconds
Domain Reload Profiling:
	ReloadAssembly (955ms)
		BeginReloadAssembly (108ms)
			ExecutionOrderSort (0ms)
			DisableScriptedObjects (4ms)
			BackupInstance (0ms)
			ReleaseScriptingObjects (0ms)
			CreateAndSetChildDomain (33ms)
		EndReloadAssembly (786ms)
			LoadAssemblies (100ms)
			RebuildTransferFunctionScriptingTraits (0ms)
			SetupTypeCache (256ms)
			ReleaseScriptCaches (1ms)
			RebuildScriptCaches (33ms)
			SetupLoadedEditorAssemblies (293ms)
				LogAssemblyErrors (0ms)
				InitializePlatformSupportModulesInManaged (4ms)
				SetLoadedEditorAssemblies (0ms)
				RefreshPlugins (0ms)
				BeforeProcessingInitializeOnLoad (67ms)
				ProcessInitializeOnLoadAttributes (210ms)
				ProcessInitializeOnLoadMethodAttributes (4ms)
				AfterProcessingInitializeOnLoad (8ms)
				EditorAssembliesLoaded (0ms)
			ExecutionOrderSort2 (0ms)
			AwakeInstancesAfterBackupRestoration (7ms)
Platform modules already initialized, skipping
Switching build target platform(19) subTarget(0) extendedPlatform(0) -> platform(13) subTarget(537395200) extendedPlatform(0)
Refreshing native plugins compatible for Editor in 0.37 ms, found 2 plugins.
Preloading 0 native plugins for Editor in 0.00 ms.
Unloading 1538 Unused Serialized files (Serialized files now loaded: 0)
System memory in use before: 72.8 MB.
System memory in use after: 72.9 MB.

Unloading 30 unused Assets to reduce memory usage. Loaded Objects now: 1994.
Total: 3.192000 ms (FindLiveObjects: 0.141600 ms CreateObjectMapping: 0.037900 ms MarkObjects: 2.980900 ms  DeleteObjects: 0.030500 ms)

AssetImportParameters requested are different than current active one (requested -> active):
  custom:framework-win-MediaFoundation: 216162199b28c13a410421893ffa2e32 -> 
  custom:video-decoder-ogg-theora: a1e56fd34408186e4bbccfd4996cb3dc -> 
  custom:container-muxer-webm: aa71ff27fc2769a1b78a27578f13a17b -> 
  custom:container-demuxer-webm: 4f35f7cbe854078d1ac9338744f61a02 -> 
  custom:container-demuxer-ogg: 62fdf1f143b41e24485cea50d1cbac27 -> 
  custom:video-encoder-webm-vp8: eb34c28f22e8b96e1ab97ce403110664 -> 
  custom:video-codec-MediaFoundation-h265: 746d11721c4dcdbdad8f713fa42b33f4 -> 
  custom:video-decoder-webm-vp8: 9c59270c3fd7afecdb556c50c9e8de78 -> 
  custom:graphics/normal-map-encoding: 01000000000000000000000000000000 -> 02000000000000000000000000000000
  custom:audio-decoder-ogg-vorbis: bf7c407c2cedff20999df2af8eb42d56 -> 
  custom:audio-encoder-webm-vorbis: bf7c407c2cedff20999df2af8eb42d56 -> 
========================================================================
Received Prepare
Registering precompiled user dll's ...
Registered in 0.011617 seconds.
Begin MonoManager ReloadAssembly
Native extension for WindowsStandalone target not found
Refreshing native plugins compatible for Editor in 0.35 ms, found 2 plugins.
Preloading 0 native plugins for Editor in 0.00 ms.
Mono: successfully reloaded assembly
- Completed reload, in  0.977 seconds
Domain Reload Profiling:
	ReloadAssembly (977ms)
		BeginReloadAssembly (104ms)
			ExecutionOrderSort (0ms)
			DisableScriptedObjects (5ms)
			BackupInstance (0ms)
			ReleaseScriptingObjects (0ms)
			CreateAndSetChildDomain (30ms)
		EndReloadAssembly (818ms)
			LoadAssemblies (98ms)
			RebuildTransferFunctionScriptingTraits (0ms)
			SetupTypeCache (270ms)
			ReleaseScriptCaches (1ms)
			RebuildScriptCaches (31ms)
			SetupLoadedEditorAssemblies (303ms)
				LogAssemblyErrors (0ms)
				InitializePlatformSupportModulesInManaged (4ms)
				SetLoadedEditorAssemblies (0ms)
				RefreshPlugins (0ms)
				BeforeProcessingInitializeOnLoad (69ms)
				ProcessInitializeOnLoadAttributes (218ms)
				ProcessInitializeOnLoadMethodAttributes (4ms)
				AfterProcessingInitializeOnLoad (8ms)
				EditorAssembliesLoaded (0ms)
			ExecutionOrderSort2 (0ms)
			AwakeInstancesAfterBackupRestoration (6ms)
Platform modules already initialized, skipping
Switching build target platform(19) subTarget(0) extendedPlatform(0) -> platform(13) subTarget(537395200) extendedPlatform(0)
Refreshing native plugins compatible for Editor in 0.35 ms, found 2 plugins.
Preloading 0 native plugins for Editor in 0.00 ms.
Unloading 1538 Unused Serialized files (Serialized files now loaded: 0)
System memory in use before: 72.8 MB.
System memory in use after: 72.9 MB.

Unloading 30 unused Assets to reduce memory usage. Loaded Objects now: 1996.
Total: 2.788200 ms (FindLiveObjects: 0.162600 ms CreateObjectMapping: 0.037800 ms MarkObjects: 2.564100 ms  DeleteObjects: 0.022400 ms)

AssetImportParameters requested are different than current active one (requested -> active):
  custom:framework-win-MediaFoundation: 216162199b28c13a410421893ffa2e32 -> 
  custom:video-decoder-ogg-theora: a1e56fd34408186e4bbccfd4996cb3dc -> 
  custom:container-muxer-webm: aa71ff27fc2769a1b78a27578f13a17b -> 
  custom:container-demuxer-webm: 4f35f7cbe854078d1ac9338744f61a02 -> 
  custom:container-demuxer-ogg: 62fdf1f143b41e24485cea50d1cbac27 -> 
  custom:video-encoder-webm-vp8: eb34c28f22e8b96e1ab97ce403110664 -> 
  custom:video-codec-MediaFoundation-h265: 746d11721c4dcdbdad8f713fa42b33f4 -> 
  custom:video-decoder-webm-vp8: 9c59270c3fd7afecdb556c50c9e8de78 -> 
  custom:graphics/normal-map-encoding: 01000000000000000000000000000000 -> 02000000000000000000000000000000
  custom:audio-decoder-ogg-vorbis: bf7c407c2cedff20999df2af8eb42d56 -> 
  custom:audio-encoder-webm-vorbis: bf7c407c2cedff20999df2af8eb42d56 -> 
========================================================================
Received Import Request.
  Time since last request: 140.078595 seconds.
  path: Assets/Alvin/AlvinManager_Manager.cs
  artifactKey: Guid(43a386c054b287b4b9ed0c05e896c5b6) Importer(815301076,1909f56bfc062723c751e8b465ee728b)
Start importing Assets/Alvin/AlvinManager_Manager.cs using Guid(43a386c054b287b4b9ed0c05e896c5b6) Importer(815301076,1909f56bfc062723c751e8b465ee728b)  -> (artifact id: 'fe606e0500d28fe4b225df531f7d4d98') in 0.003540 seconds 
  Import took 0.018650 seconds .

========================================================================
Received Import Request.
  Time since last request: 441.221995 seconds.
  path: Assets/I2/Localization/Examples/Scenes/I2Localization    features LocalizedStringSettings.lighting
  artifactKey: Guid(23f88e5fd65e4a94bbb9841763ef829c) Importer(815301076,1909f56bfc062723c751e8b465ee728b)
Start importing Assets/I2/Localization/Examples/Scenes/I2Localization    features LocalizedStringSettings.lighting using Guid(23f88e5fd65e4a94bbb9841763ef829c) Importer(815301076,1909f56bfc062723c751e8b465ee728b) LightingSettings: switching bake backend from 1 to 0.
 -> (artifact id: '2077e7d1af1859364420cee95c789ff9') in 0.014350 seconds 
  Import took 0.031174 seconds .

========================================================================
Received Import Request.
  Time since last request: 2.271561 seconds.
  path: Assets/I2/Localization/Examples/Scenes/I2Localization    features LocalizedString.unity
  artifactKey: Guid(4d999b05c44207e49ad70ed30077eb9a) Importer(815301076,1909f56bfc062723c751e8b465ee728b)
Start importing Assets/I2/Localization/Examples/Scenes/I2Localization    features LocalizedString.unity using Guid(4d999b05c44207e49ad70ed30077eb9a) Importer(815301076,1909f56bfc062723c751e8b465ee728b)  -> (artifact id: 'c7384e4a02f903dd3505dc3687f9126d') in 0.012936 seconds 
  Import took 0.015410 seconds .

========================================================================
Received Prepare
Registering precompiled user dll's ...
Registered in 0.016094 seconds.
Begin MonoManager ReloadAssembly
Native extension for WindowsStandalone target not found
Refreshing native plugins compatible for Editor in 0.35 ms, found 2 plugins.
Preloading 0 native plugins for Editor in 0.00 ms.
Mono: successfully reloaded assembly
- Completed reload, in  1.016 seconds
Domain Reload Profiling:
	ReloadAssembly (1016ms)
		BeginReloadAssembly (109ms)
			ExecutionOrderSort (0ms)
			DisableScriptedObjects (4ms)
			BackupInstance (0ms)
			ReleaseScriptingObjects (0ms)
			CreateAndSetChildDomain (31ms)
		EndReloadAssembly (850ms)
			LoadAssemblies (106ms)
			RebuildTransferFunctionScriptingTraits (0ms)
			SetupTypeCache (288ms)
			ReleaseScriptCaches (1ms)
			RebuildScriptCaches (33ms)
			SetupLoadedEditorAssemblies (299ms)
				LogAssemblyErrors (0ms)
				InitializePlatformSupportModulesInManaged (4ms)
				SetLoadedEditorAssemblies (0ms)
				RefreshPlugins (0ms)
				BeforeProcessingInitializeOnLoad (69ms)
				ProcessInitializeOnLoadAttributes (213ms)
				ProcessInitializeOnLoadMethodAttributes (3ms)
				AfterProcessingInitializeOnLoad (9ms)
				EditorAssembliesLoaded (0ms)
			ExecutionOrderSort2 (0ms)
			AwakeInstancesAfterBackupRestoration (6ms)
Platform modules already initialized, skipping
Switching build target platform(19) subTarget(0) extendedPlatform(0) -> platform(13) subTarget(537395200) extendedPlatform(0)
Refreshing native plugins compatible for Editor in 0.35 ms, found 2 plugins.
Preloading 0 native plugins for Editor in 0.00 ms.
Unloading 1538 Unused Serialized files (Serialized files now loaded: 0)
System memory in use before: 72.8 MB.
System memory in use after: 72.9 MB.

Unloading 30 unused Assets to reduce memory usage. Loaded Objects now: 1998.
Total: 2.282300 ms (FindLiveObjects: 0.122500 ms CreateObjectMapping: 0.036800 ms MarkObjects: 2.100400 ms  DeleteObjects: 0.020900 ms)

AssetImportParameters requested are different than current active one (requested -> active):
  custom:framework-win-MediaFoundation: 216162199b28c13a410421893ffa2e32 -> 
  custom:video-decoder-ogg-theora: a1e56fd34408186e4bbccfd4996cb3dc -> 
  custom:container-muxer-webm: aa71ff27fc2769a1b78a27578f13a17b -> 
  custom:container-demuxer-webm: 4f35f7cbe854078d1ac9338744f61a02 -> 
  custom:container-demuxer-ogg: 62fdf1f143b41e24485cea50d1cbac27 -> 
  custom:video-encoder-webm-vp8: eb34c28f22e8b96e1ab97ce403110664 -> 
  custom:video-codec-MediaFoundation-h265: 746d11721c4dcdbdad8f713fa42b33f4 -> 
  custom:video-decoder-webm-vp8: 9c59270c3fd7afecdb556c50c9e8de78 -> 
  custom:graphics/normal-map-encoding: 01000000000000000000000000000000 -> 02000000000000000000000000000000
  custom:audio-decoder-ogg-vorbis: bf7c407c2cedff20999df2af8eb42d56 -> 
  custom:audio-encoder-webm-vorbis: bf7c407c2cedff20999df2af8eb42d56 -> 
========================================================================
Received Prepare
Registering precompiled user dll's ...
Registered in 0.012273 seconds.
Begin MonoManager ReloadAssembly
Native extension for WindowsStandalone target not found
Refreshing native plugins compatible for Editor in 0.39 ms, found 2 plugins.
Preloading 0 native plugins for Editor in 0.00 ms.
Mono: successfully reloaded assembly
- Completed reload, in  1.027 seconds
Domain Reload Profiling:
	ReloadAssembly (1028ms)
		BeginReloadAssembly (110ms)
			ExecutionOrderSort (0ms)
			DisableScriptedObjects (4ms)
			BackupInstance (0ms)
			ReleaseScriptingObjects (0ms)
			CreateAndSetChildDomain (34ms)
		EndReloadAssembly (854ms)
			LoadAssemblies (109ms)
			RebuildTransferFunctionScriptingTraits (0ms)
			SetupTypeCache (268ms)
			ReleaseScriptCaches (1ms)
			RebuildScriptCaches (32ms)
			SetupLoadedEditorAssemblies (309ms)
				LogAssemblyErrors (0ms)
				InitializePlatformSupportModulesInManaged (5ms)
				SetLoadedEditorAssemblies (0ms)
				RefreshPlugins (0ms)
				BeforeProcessingInitializeOnLoad (78ms)
				ProcessInitializeOnLoadAttributes (213ms)
				ProcessInitializeOnLoadMethodAttributes (4ms)
				AfterProcessingInitializeOnLoad (8ms)
				EditorAssembliesLoaded (0ms)
			ExecutionOrderSort2 (0ms)
			AwakeInstancesAfterBackupRestoration (6ms)
Platform modules already initialized, skipping
Switching build target platform(19) subTarget(0) extendedPlatform(0) -> platform(13) subTarget(537395200) extendedPlatform(0)
Refreshing native plugins compatible for Editor in 0.36 ms, found 2 plugins.
Preloading 0 native plugins for Editor in 0.00 ms.
Unloading 1538 Unused Serialized files (Serialized files now loaded: 0)
System memory in use before: 72.8 MB.
System memory in use after: 72.9 MB.

Unloading 30 unused Assets to reduce memory usage. Loaded Objects now: 2000.
Total: 2.865300 ms (FindLiveObjects: 0.147500 ms CreateObjectMapping: 0.048100 ms MarkObjects: 2.645300 ms  DeleteObjects: 0.023100 ms)

AssetImportParameters requested are different than current active one (requested -> active):
  custom:framework-win-MediaFoundation: 216162199b28c13a410421893ffa2e32 -> 
  custom:video-decoder-ogg-theora: a1e56fd34408186e4bbccfd4996cb3dc -> 
  custom:container-muxer-webm: aa71ff27fc2769a1b78a27578f13a17b -> 
  custom:container-demuxer-webm: 4f35f7cbe854078d1ac9338744f61a02 -> 
  custom:container-demuxer-ogg: 62fdf1f143b41e24485cea50d1cbac27 -> 
  custom:video-encoder-webm-vp8: eb34c28f22e8b96e1ab97ce403110664 -> 
  custom:video-codec-MediaFoundation-h265: 746d11721c4dcdbdad8f713fa42b33f4 -> 
  custom:video-decoder-webm-vp8: 9c59270c3fd7afecdb556c50c9e8de78 -> 
  custom:graphics/normal-map-encoding: 01000000000000000000000000000000 -> 02000000000000000000000000000000
  custom:audio-decoder-ogg-vorbis: bf7c407c2cedff20999df2af8eb42d56 -> 
  custom:audio-encoder-webm-vorbis: bf7c407c2cedff20999df2af8eb42d56 -> 
========================================================================
Received Import Request.
  Time since last request: 901.663078 seconds.
  path: Assets/Scenes/Alvin.unity
  artifactKey: Guid(d0c9ac5ee84b5ce40b55d59b9c1993a1) Importer(815301076,1909f56bfc062723c751e8b465ee728b)
Start importing Assets/Scenes/Alvin.unity using Guid(d0c9ac5ee84b5ce40b55d59b9c1993a1) Importer(815301076,1909f56bfc062723c751e8b465ee728b)  -> (artifact id: '60167df2d535b47065383de64adb8780') in 0.008276 seconds 
  Import took 0.048466 seconds .

========================================================================
Received Import Request.
  Time since last request: 38.352658 seconds.
  path: Assets/SIDGIN/SIDGIN.Patcher/Demo/Scripts/PackageLoader.cs
  artifactKey: Guid(45f0badbe6bec9b46b16e3f03f799df8) Importer(815301076,1909f56bfc062723c751e8b465ee728b)
Start importing Assets/SIDGIN/SIDGIN.Patcher/Demo/Scripts/PackageLoader.cs using Guid(45f0badbe6bec9b46b16e3f03f799df8) Importer(815301076,1909f56bfc062723c751e8b465ee728b)  -> (artifact id: '5a86666a21aef243b25877d06e001082') in 0.001840 seconds 
  Import took 0.026070 seconds .

========================================================================
Received Import Request.
  Time since last request: 5.698935 seconds.
  path: Assets/SIDGIN/SIDGIN.Patcher/Demo/Scripts/RequiredUpdateMainBuildView.cs
  artifactKey: Guid(d6d9d15123001e14e9a8501893cbaac7) Importer(815301076,1909f56bfc062723c751e8b465ee728b)
Start importing Assets/SIDGIN/SIDGIN.Patcher/Demo/Scripts/RequiredUpdateMainBuildView.cs using Guid(d6d9d15123001e14e9a8501893cbaac7) Importer(815301076,1909f56bfc062723c751e8b465ee728b)  -> (artifact id: 'cc2cb96fdaacb5c054fc79d4cc8a14c3') in 0.002345 seconds 
  Import took 0.015749 seconds .

========================================================================
Received Import Request.
  Time since last request: 70.639407 seconds.
  path: Assets/SIDGIN/SIDGIN.Patcher/Integrations/RockTomate/SGPatcherBuildStep.cs
  artifactKey: Guid(329a48b693d66ef478d3be844477b031) Importer(815301076,1909f56bfc062723c751e8b465ee728b)
Start importing Assets/SIDGIN/SIDGIN.Patcher/Integrations/RockTomate/SGPatcherBuildStep.cs using Guid(329a48b693d66ef478d3be844477b031) Importer(815301076,1909f56bfc062723c751e8b465ee728b)  -> (artifact id: 'beb3a0e41f885261881bcd7b600c35c5') in 0.002729 seconds 
  Import took 0.029051 seconds .

========================================================================
Received Import Request.
  Time since last request: 0.997258 seconds.
  path: Assets/SIDGIN/SIDGIN.Patcher/Integrations/RockTomate/SGPatcherPatchStep.cs
  artifactKey: Guid(79e09ee19dcd56840affceb28bf40fed) Importer(815301076,1909f56bfc062723c751e8b465ee728b)
Start importing Assets/SIDGIN/SIDGIN.Patcher/Integrations/RockTomate/SGPatcherPatchStep.cs using Guid(79e09ee19dcd56840affceb28bf40fed) Importer(815301076,1909f56bfc062723c751e8b465ee728b)  -> (artifact id: '0790c491e5df1494ed5a9b771e9279e6') in 0.022626 seconds 
  Import took 0.048935 seconds .

========================================================================
Received Import Request.
  Time since last request: 3.271112 seconds.
  path: Assets/SIDGIN/SIDGIN.Patcher/Integrations/RockTomate/SGPatcherBuildAndPatchStep.cs
  artifactKey: Guid(ba46e50fdb589d04bb80fcaa779b0650) Importer(815301076,1909f56bfc062723c751e8b465ee728b)
Start importing Assets/SIDGIN/SIDGIN.Patcher/Integrations/RockTomate/SGPatcherBuildAndPatchStep.cs using Guid(ba46e50fdb589d04bb80fcaa779b0650) Importer(815301076,1909f56bfc062723c751e8b465ee728b)  -> (artifact id: 'c2b99b5c63d4b9ad3918eeba6a164262') in 0.002355 seconds 
  Import took 0.004761 seconds .

========================================================================
Received Import Request.
  Time since last request: 4.117732 seconds.
  path: Assets/SIDGIN/SIDGIN.Patcher/SGPatcherClient/SGResources.cs
  artifactKey: Guid(2867310d40f91804d84eac1f22dcef18) Importer(815301076,1909f56bfc062723c751e8b465ee728b)
Start importing Assets/SIDGIN/SIDGIN.Patcher/SGPatcherClient/SGResources.cs using Guid(2867310d40f91804d84eac1f22dcef18) Importer(815301076,1909f56bfc062723c751e8b465ee728b)  -> (artifact id: '7ee61c17675b8bd013da2dea19aa5d4b') in 0.001792 seconds 
  Import took 0.067839 seconds .

========================================================================
Received Import Request.
  Time since last request: 0.002286 seconds.
  path: Assets/SIDGIN/SIDGIN.Patcher/SGPatcherClient/SGResources.cs
  artifactKey: Guid(2867310d40f91804d84eac1f22dcef18) Importer(815301076,1909f56bfc062723c751e8b465ee728b)
Start importing Assets/SIDGIN/SIDGIN.Patcher/SGPatcherClient/SGResources.cs using Guid(2867310d40f91804d84eac1f22dcef18) Importer(815301076,1909f56bfc062723c751e8b465ee728b)  -> (artifact id: '7ee61c17675b8bd013da2dea19aa5d4b') in 0.002911 seconds 
  Import took 0.006711 seconds .

========================================================================
Received Import Request.
  Time since last request: 0.848418 seconds.
  path: Assets/SIDGIN/SIDGIN.Patcher/SGPatcherClient/SGSceneManager.cs
  artifactKey: Guid(a3ea9061bcfb2314b81e06a1009b4521) Importer(815301076,1909f56bfc062723c751e8b465ee728b)
Start importing Assets/SIDGIN/SIDGIN.Patcher/SGPatcherClient/SGSceneManager.cs using Guid(a3ea9061bcfb2314b81e06a1009b4521) Importer(815301076,1909f56bfc062723c751e8b465ee728b)  -> (artifact id: '4fd04d8809102eb4e4b19e628f8e9958') in 0.001950 seconds 
  Import took 0.003991 seconds .

========================================================================
Received Import Request.
  Time since last request: 40.677442 seconds.
  path: Assets/SIDGIN/SIDGIN.Patcher/Demo/InstallPackageButton.cs
  artifactKey: Guid(b178a48943966b24da4b0874f21ae1d8) Importer(815301076,1909f56bfc062723c751e8b465ee728b)
Start importing Assets/SIDGIN/SIDGIN.Patcher/Demo/InstallPackageButton.cs using Guid(b178a48943966b24da4b0874f21ae1d8) Importer(815301076,1909f56bfc062723c751e8b465ee728b)  -> (artifact id: '1719036285e54fd582872289e49b1f8f') in 0.015868 seconds 
  Import took 0.054854 seconds .

========================================================================
Received Import Request.
  Time since last request: 3.008682 seconds.
  path: Assets/SIDGIN/SIDGIN.Patcher/Demo/Scripts
  artifactKey: Guid(4c251c942db4c4993b5bdc38d317c279) Importer(815301076,1909f56bfc062723c751e8b465ee728b)
Start importing Assets/SIDGIN/SIDGIN.Patcher/Demo/Scripts using Guid(4c251c942db4c4993b5bdc38d317c279) Importer(815301076,1909f56bfc062723c751e8b465ee728b)  -> (artifact id: '24839f4d2d561c89532b0866b0d18284') in 0.001712 seconds 
  Import took 0.008297 seconds .

========================================================================
Received Import Request.
  Time since last request: 1.297604 seconds.
  path: Assets/SIDGIN/SIDGIN.Patcher/Demo/Scripts/ErrorWindow.cs
  artifactKey: Guid(9cb57196264651c4ab46d0dcb38cb522) Importer(815301076,1909f56bfc062723c751e8b465ee728b)
Start importing Assets/SIDGIN/SIDGIN.Patcher/Demo/Scripts/ErrorWindow.cs using Guid(9cb57196264651c4ab46d0dcb38cb522) Importer(815301076,1909f56bfc062723c751e8b465ee728b)  -> (artifact id: 'c8261a27ee0e53aba4a3e70cb8caf7d9') in 0.001821 seconds 
  Import took 0.004156 seconds .

========================================================================
Received Import Request.
  Time since last request: 8.281960 seconds.
  path: Assets/SIDGIN/SIDGIN.Patcher/Plugins/PackageInstaller.cs
  artifactKey: Guid(8f2163c2ac4d245459d139f4e3650197) Importer(815301076,1909f56bfc062723c751e8b465ee728b)
Start importing Assets/SIDGIN/SIDGIN.Patcher/Plugins/PackageInstaller.cs using Guid(8f2163c2ac4d245459d139f4e3650197) Importer(815301076,1909f56bfc062723c751e8b465ee728b)  -> (artifact id: '03b11c2f0e58c57607b677eb2c55de04') in 0.019246 seconds 
  Import took 0.021576 seconds .

========================================================================
Received Import Request.
  Time since last request: 288.640494 seconds.
  path: Assets/SIDGIN/SIDGIN.Patcher/Integrations/RockTomate
  artifactKey: Guid(6ee8d19bfa04ff14e8126e4dfa6467b6) Importer(815301076,1909f56bfc062723c751e8b465ee728b)
Start importing Assets/SIDGIN/SIDGIN.Patcher/Integrations/RockTomate using Guid(6ee8d19bfa04ff14e8126e4dfa6467b6) Importer(815301076,1909f56bfc062723c751e8b465ee728b)  -> (artifact id: '0efd6cfdfe11ffa22493797112826c74') in 0.001952 seconds 
  Import took 0.028886 seconds .

========================================================================
Received Import Request.
  Time since last request: 17.282435 seconds.
  path: Assets/SIDGIN/SIDGIN.Patcher/ill2cpp.unity
  artifactKey: Guid(c1b44dae37279a64cb2c3e211d2f5889) Importer(815301076,1909f56bfc062723c751e8b465ee728b)
Start importing Assets/SIDGIN/SIDGIN.Patcher/ill2cpp.unity using Guid(c1b44dae37279a64cb2c3e211d2f5889) Importer(815301076,1909f56bfc062723c751e8b465ee728b)  -> (artifact id: 'ce7a1f64bf3ec0cbd2dbf4a7f608d8b2') in 0.002955 seconds 
  Import took 0.037130 seconds .

========================================================================
Received Import Request.
  Time since last request: 0.761444 seconds.
  path: Assets/SIDGIN/SIDGIN.Patcher/link.xml
  artifactKey: Guid(84a10fe6e889e404c89a2f80cb2683ca) Importer(815301076,1909f56bfc062723c751e8b465ee728b)
Start importing Assets/SIDGIN/SIDGIN.Patcher/link.xml using Guid(84a10fe6e889e404c89a2f80cb2683ca) Importer(815301076,1909f56bfc062723c751e8b465ee728b)  -> (artifact id: '735a46c74b8d6b09e7fc834284b6eca4') in 0.021641 seconds 
  Import took 0.036391 seconds .

========================================================================
Received Import Request.
  Time since last request: 7.824529 seconds.
  path: Assets/SIDGIN/SIDGIN.Patcher/Editor
  artifactKey: Guid(35bfb58cb92bf52458d8f292f9e9bc2d) Importer(815301076,1909f56bfc062723c751e8b465ee728b)
Start importing Assets/SIDGIN/SIDGIN.Patcher/Editor using Guid(35bfb58cb92bf52458d8f292f9e9bc2d) Importer(815301076,1909f56bfc062723c751e8b465ee728b)  -> (artifact id: '104d26c53b79bc05370d9dea1e1d05b4') in 0.002324 seconds 
  Import took 0.009905 seconds .

========================================================================
Received Import Request.
  Time since last request: 0.287994 seconds.
  path: Assets/SIDGIN/SIDGIN.Patcher/Integrations
  artifactKey: Guid(0e489bdc75796a045a9021aff66efff6) Importer(815301076,1909f56bfc062723c751e8b465ee728b)
Start importing Assets/SIDGIN/SIDGIN.Patcher/Integrations using Guid(0e489bdc75796a045a9021aff66efff6) Importer(815301076,1909f56bfc062723c751e8b465ee728b)  -> (artifact id: 'd7be8400bf42aaf76a10ccb2692d1cd2') in 0.001859 seconds 
  Import took 0.004445 seconds .

========================================================================
Received Import Request.
  Time since last request: 0.001197 seconds.
  path: Assets/SIDGIN/SIDGIN.Patcher/Integrations
  artifactKey: Guid(0e489bdc75796a045a9021aff66efff6) Importer(815301076,1909f56bfc062723c751e8b465ee728b)
Start importing Assets/SIDGIN/SIDGIN.Patcher/Integrations using Guid(0e489bdc75796a045a9021aff66efff6) Importer(815301076,1909f56bfc062723c751e8b465ee728b)  -> (artifact id: 'd7be8400bf42aaf76a10ccb2692d1cd2') in 0.017911 seconds 
  Import took 0.020184 seconds .

========================================================================
Received Import Request.
  Time since last request: 0.420407 seconds.
  path: Assets/SIDGIN/SIDGIN.Patcher/Plugins
  artifactKey: Guid(7bd3416ac7b87b643b1adda1233aa4c1) Importer(815301076,1909f56bfc062723c751e8b465ee728b)
Start importing Assets/SIDGIN/SIDGIN.Patcher/Plugins using Guid(7bd3416ac7b87b643b1adda1233aa4c1) Importer(815301076,1909f56bfc062723c751e8b465ee728b)  -> (artifact id: '3a126ef95c6ba28aa3be02d5b5941f8b') in 0.002006 seconds 
  Import took 0.041274 seconds .

========================================================================
Received Import Request.
  Time since last request: 1.346397 seconds.
  path: Assets/SIDGIN/SIDGIN.Patcher/Plugins/Unity_2018_4_Google_Disabled
  artifactKey: Guid(b4413b6aa2e2fb2489b6a471b95c9b52) Importer(815301076,1909f56bfc062723c751e8b465ee728b)
Start importing Assets/SIDGIN/SIDGIN.Patcher/Plugins/Unity_2018_4_Google_Disabled using Guid(b4413b6aa2e2fb2489b6a471b95c9b52) Importer(815301076,1909f56bfc062723c751e8b465ee728b)  -> (artifact id: '8f7fee58893c07be884be10f4fbb7370') in 0.002655 seconds 
  Import took 0.039246 seconds .

========================================================================
Received Import Request.
  Time since last request: 9.651073 seconds.
  path: Assets/SIDGIN/Plugins/Amazon/AWSSDK.S3.dll
  artifactKey: Guid(5778b12eece67304986336bc352d8204) Importer(815301076,1909f56bfc062723c751e8b465ee728b)
Start importing Assets/SIDGIN/Plugins/Amazon/AWSSDK.S3.dll using Guid(5778b12eece67304986336bc352d8204) Importer(815301076,1909f56bfc062723c751e8b465ee728b)  -> (artifact id: '36e0b1d1d6e7eb011bcfb45dd432166f') in 0.020586 seconds 
  Import took 0.045990 seconds .

========================================================================
Received Import Request.
  Time since last request: 1.938462 seconds.
  path: Assets/SIDGIN/Plugins/Amazon/AWSSDK.Core.dll
  artifactKey: Guid(52c41a2e9ef2b0a448b926b14cab8862) Importer(815301076,1909f56bfc062723c751e8b465ee728b)
Start importing Assets/SIDGIN/Plugins/Amazon/AWSSDK.Core.dll using Guid(52c41a2e9ef2b0a448b926b14cab8862) Importer(815301076,1909f56bfc062723c751e8b465ee728b)  -> (artifact id: 'b8e4ec2d43b6cefcf0d50f58a2b8ee39') in 0.002397 seconds 
  Import took 0.028806 seconds .

========================================================================
Received Import Request.
  Time since last request: 4.286187 seconds.
  path: Assets/SIDGIN/Plugins/Http/Renci.SshNet.Async.dll
  artifactKey: Guid(70f63aee55aa08e4facc4350ab43c1f0) Importer(815301076,1909f56bfc062723c751e8b465ee728b)
Start importing Assets/SIDGIN/Plugins/Http/Renci.SshNet.Async.dll using Guid(70f63aee55aa08e4facc4350ab43c1f0) Importer(815301076,1909f56bfc062723c751e8b465ee728b)  -> (artifact id: '6795fbd6301c869f544fd7e20c980d2b') in 0.002171 seconds 
  Import took 0.063554 seconds .

========================================================================
Received Import Request.
  Time since last request: 0.511781 seconds.
  path: Assets/SIDGIN/Plugins/Http/Renci.SshNet.dll
  artifactKey: Guid(1aa13e5f0e8478c4088ac07b0bc22b16) Importer(815301076,1909f56bfc062723c751e8b465ee728b)
Start importing Assets/SIDGIN/Plugins/Http/Renci.SshNet.dll using Guid(1aa13e5f0e8478c4088ac07b0bc22b16) Importer(815301076,1909f56bfc062723c751e8b465ee728b)  -> (artifact id: '30461c350ebeb7bb1b10a9992ebea6b9') in 0.021398 seconds 
  Import took 0.024034 seconds .

========================================================================
Received Prepare
Registering precompiled user dll's ...
Registered in 0.012472 seconds.
Begin MonoManager ReloadAssembly
Native extension for WindowsStandalone target not found
Refreshing native plugins compatible for Editor in 0.36 ms, found 2 plugins.
Preloading 0 native plugins for Editor in 0.00 ms.
Mono: successfully reloaded assembly
- Completed reload, in  1.014 seconds
Domain Reload Profiling:
	ReloadAssembly (1015ms)
		BeginReloadAssembly (104ms)
			ExecutionOrderSort (0ms)
			DisableScriptedObjects (4ms)
			BackupInstance (0ms)
			ReleaseScriptingObjects (0ms)
			CreateAndSetChildDomain (30ms)
		EndReloadAssembly (850ms)
			LoadAssemblies (103ms)
			RebuildTransferFunctionScriptingTraits (0ms)
			SetupTypeCache (270ms)
			ReleaseScriptCaches (1ms)
			RebuildScriptCaches (35ms)
			SetupLoadedEditorAssemblies (300ms)
				LogAssemblyErrors (0ms)
				InitializePlatformSupportModulesInManaged (5ms)
				SetLoadedEditorAssemblies (0ms)
				RefreshPlugins (0ms)
				BeforeProcessingInitializeOnLoad (68ms)
				ProcessInitializeOnLoadAttributes (215ms)
				ProcessInitializeOnLoadMethodAttributes (4ms)
				AfterProcessingInitializeOnLoad (8ms)
				EditorAssembliesLoaded (0ms)
			ExecutionOrderSort2 (0ms)
			AwakeInstancesAfterBackupRestoration (6ms)
Platform modules already initialized, skipping
Switching build target platform(19) subTarget(0) extendedPlatform(0) -> platform(13) subTarget(537395200) extendedPlatform(0)
Refreshing native plugins compatible for Editor in 0.35 ms, found 2 plugins.
Preloading 0 native plugins for Editor in 0.00 ms.
Unloading 1538 Unused Serialized files (Serialized files now loaded: 0)
System memory in use before: 72.8 MB.
System memory in use after: 72.9 MB.

Unloading 30 unused Assets to reduce memory usage. Loaded Objects now: 2002.
Total: 2.809100 ms (FindLiveObjects: 0.171300 ms CreateObjectMapping: 0.045100 ms MarkObjects: 2.565500 ms  DeleteObjects: 0.025700 ms)

AssetImportParameters requested are different than current active one (requested -> active):
  custom:framework-win-MediaFoundation: 216162199b28c13a410421893ffa2e32 -> 
  custom:video-decoder-ogg-theora: a1e56fd34408186e4bbccfd4996cb3dc -> 
  custom:container-muxer-webm: aa71ff27fc2769a1b78a27578f13a17b -> 
  custom:container-demuxer-webm: 4f35f7cbe854078d1ac9338744f61a02 -> 
  custom:container-demuxer-ogg: 62fdf1f143b41e24485cea50d1cbac27 -> 
  custom:video-encoder-webm-vp8: eb34c28f22e8b96e1ab97ce403110664 -> 
  custom:video-codec-MediaFoundation-h265: 746d11721c4dcdbdad8f713fa42b33f4 -> 
  custom:video-decoder-webm-vp8: 9c59270c3fd7afecdb556c50c9e8de78 -> 
  custom:graphics/normal-map-encoding: 01000000000000000000000000000000 -> 02000000000000000000000000000000
  custom:audio-decoder-ogg-vorbis: bf7c407c2cedff20999df2af8eb42d56 -> 
  custom:audio-encoder-webm-vorbis: bf7c407c2cedff20999df2af8eb42d56 -> 
========================================================================
Received Import Request.
  Time since last request: 894.616996 seconds.
  path: Assets/SIDGIN/Plugins/Google/Google.Apis.1.49.0/lib
  artifactKey: Guid(7c1efbceff10beb449d31273468dbc32) Importer(815301076,1909f56bfc062723c751e8b465ee728b)
Start importing Assets/SIDGIN/Plugins/Google/Google.Apis.1.49.0/lib using Guid(7c1efbceff10beb449d31273468dbc32) Importer(815301076,1909f56bfc062723c751e8b465ee728b)  -> (artifact id: 'f9ae3b133f513624857f1b9a01413eeb') in 0.003948 seconds 
  Import took 0.033428 seconds .

========================================================================
Received Import Request.
  Time since last request: 0.201047 seconds.
  path: Assets/SIDGIN/Plugins/Google/Google.Apis.1.49.0/LICENSE
  artifactKey: Guid(4d32a81f65d49c64ba5b5eb32241895e) Importer(815301076,1909f56bfc062723c751e8b465ee728b)
Start importing Assets/SIDGIN/Plugins/Google/Google.Apis.1.49.0/LICENSE using Guid(4d32a81f65d49c64ba5b5eb32241895e) Importer(815301076,1909f56bfc062723c751e8b465ee728b)  -> (artifact id: '1b61bd3de45bc2f99b227cc857cbf8a1') in 0.008856 seconds 
  Import took 0.040925 seconds .

========================================================================
Received Import Request.
  Time since last request: 5.820379 seconds.
  path: Assets/SIDGIN/SIDGIN.Patcher/SGPatcherClient
  artifactKey: Guid(9d6cd6aa7e85da549ab6ada7370b4893) Importer(815301076,1909f56bfc062723c751e8b465ee728b)
Start importing Assets/SIDGIN/SIDGIN.Patcher/SGPatcherClient using Guid(9d6cd6aa7e85da549ab6ada7370b4893) Importer(815301076,1909f56bfc062723c751e8b465ee728b)  -> (artifact id: '111ba242780d0c8548c181e2ed5b02a7') in 0.001598 seconds 
  Import took 0.007803 seconds .

AssetImportWorkerClient::OnTransportError - code=2 error=End of file
